<?xml version="1.0" encoding="UTF-8"?>
<testsuite xmlns:xsi="http://www.w3.org/2001/XMLSchema-instance" xsi:noNamespaceSchemaLocation="https://maven.apache.org/surefire/maven-failsafe-plugin/xsd/failsafe-test-report.xsd" name="runners.surrender_sign_with_verify_scenario002_run001_IT" time="0.072" tests="0" errors="0" skipped="0" failures="0">
  <properties>
    <property name="gopherProxySet" value="false"/>
    <property name="awt.toolkit" value="sun.lwawt.macosx.LWCToolkit"/>
    <property name="file.encoding.pkg" value="sun.io"/>
    <property name="java.specification.version" value="1.8"/>
    <property name="sun.cpu.isalist" value=""/>
    <property name="sun.jnu.encoding" value="UTF-8"/>
    <property name="java.class.path" value="/Users/1dson/Documents/workspace/vol-functional-tests/target/test-classes:/Users/1dson/Documents/workspace/vol-functional-tests/target/vol-functional-tests-0.1.jar:/Users/1dson/.m2/repository/io/cucumber/cucumber-java8/2.4.0/cucumber-java8-2.4.0.jar:/Users/1dson/.m2/repository/io/cucumber/cucumber-java/2.4.0/cucumber-java-2.4.0.jar:/Users/1dson/.m2/repository/net/jodah/typetools/0.5.0/typetools-0.5.0.jar:/Users/1dson/.m2/repository/io/cucumber/cucumber-junit/2.4.0/cucumber-junit-2.4.0.jar:/Users/1dson/.m2/repository/io/cucumber/cucumber-core/2.4.0/cucumber-core-2.4.0.jar:/Users/1dson/.m2/repository/info/cukes/cucumber-html/0.2.6/cucumber-html-0.2.6.jar:/Users/1dson/.m2/repository/io/cucumber/tag-expressions/1.1.1/tag-expressions-1.1.1.jar:/Users/1dson/.m2/repository/junit/junit/4.12/junit-4.12.jar:/Users/1dson/.m2/repository/org/hamcrest/hamcrest-core/1.3/hamcrest-core-1.3.jar:/Users/1dson/.m2/repository/org/dvsa/testing/lib/active-support/1.3.5.1/active-support-1.3.5.1.jar:/Users/1dson/.m2/repository/org/apache/httpcomponents/httpclient/4.5.5/httpclient-4.5.5.jar:/Users/1dson/.m2/repository/org/apache/httpcomponents/httpcore/4.4.9/httpcore-4.4.9.jar:/Users/1dson/.m2/repository/commons-logging/commons-logging/1.2/commons-logging-1.2.jar:/Users/1dson/.m2/repository/commons-codec/commons-codec/1.10/commons-codec-1.10.jar:/Users/1dson/.m2/repository/com/fasterxml/jackson/core/jackson-core/2.9.3/jackson-core-2.9.3.jar:/Users/1dson/.m2/repository/com/fasterxml/jackson/core/jackson-databind/2.9.5/jackson-databind-2.9.5.jar:/Users/1dson/.m2/repository/com/fasterxml/jackson/core/jackson-annotations/2.9.5/jackson-annotations-2.9.5.jar:/Users/1dson/.m2/repository/org/jetbrains/annotations/13.0/annotations-13.0.jar:/Users/1dson/.m2/repository/org/fusesource/jansi/jansi/1.16/jansi-1.16.jar:/Users/1dson/.m2/repository/com/amazonaws/aws-java-sdk-s3/1.11.271/aws-java-sdk-s3-1.11.271.jar:/Users/1dson/.m2/repository/com/amazonaws/aws-java-sdk-kms/1.11.271/aws-java-sdk-kms-1.11.271.jar:/Users/1dson/.m2/repository/com/amazonaws/aws-java-sdk-core/1.11.271/aws-java-sdk-core-1.11.271.jar:/Users/1dson/.m2/repository/software/amazon/ion/ion-java/1.0.2/ion-java-1.0.2.jar:/Users/1dson/.m2/repository/com/fasterxml/jackson/dataformat/jackson-dataformat-cbor/2.6.7/jackson-dataformat-cbor-2.6.7.jar:/Users/1dson/.m2/repository/com/amazonaws/jmespath-java/1.11.271/jmespath-java-1.11.271.jar:/Users/1dson/.m2/repository/org/seleniumhq/selenium/selenium-java/3.7.1/selenium-java-3.7.1.jar:/Users/1dson/.m2/repository/org/seleniumhq/selenium/selenium-api/3.7.1/selenium-api-3.7.1.jar:/Users/1dson/.m2/repository/org/seleniumhq/selenium/selenium-chrome-driver/3.7.1/selenium-chrome-driver-3.7.1.jar:/Users/1dson/.m2/repository/org/seleniumhq/selenium/selenium-edge-driver/3.7.1/selenium-edge-driver-3.7.1.jar:/Users/1dson/.m2/repository/org/seleniumhq/selenium/selenium-firefox-driver/3.7.1/selenium-firefox-driver-3.7.1.jar:/Users/1dson/.m2/repository/org/seleniumhq/selenium/selenium-ie-driver/3.7.1/selenium-ie-driver-3.7.1.jar:/Users/1dson/.m2/repository/org/seleniumhq/selenium/selenium-opera-driver/3.7.1/selenium-opera-driver-3.7.1.jar:/Users/1dson/.m2/repository/org/seleniumhq/selenium/selenium-remote-driver/3.7.1/selenium-remote-driver-3.7.1.jar:/Users/1dson/.m2/repository/org/seleniumhq/selenium/selenium-safari-driver/3.7.1/selenium-safari-driver-3.7.1.jar:/Users/1dson/.m2/repository/org/seleniumhq/selenium/selenium-support/3.7.1/selenium-support-3.7.1.jar:/Users/1dson/.m2/repository/net/bytebuddy/byte-buddy/1.7.5/byte-buddy-1.7.5.jar:/Users/1dson/.m2/repository/org/apache/commons/commons-exec/1.3/commons-exec-1.3.jar:/Users/1dson/.m2/repository/com/google/code/gson/gson/2.8.2/gson-2.8.2.jar:/Users/1dson/.m2/repository/mysql/mysql-connector-java/8.0.8-dmr/mysql-connector-java-8.0.8-dmr.jar:/Users/1dson/.m2/repository/org/dbunit/dbunit/2.5.4/dbunit-2.5.4.jar:/Users/1dson/.m2/repository/commons-collections/commons-collections/3.2.2/commons-collections-3.2.2.jar:/Users/1dson/.m2/repository/org/apache/poi/poi-ooxml/3.14/poi-ooxml-3.14.jar:/Users/1dson/.m2/repository/org/apache/poi/poi/3.14/poi-3.14.jar:/Users/1dson/.m2/repository/org/apache/poi/poi-ooxml-schemas/3.14/poi-ooxml-schemas-3.14.jar:/Users/1dson/.m2/repository/org/apache/xmlbeans/xmlbeans/2.6.0/xmlbeans-2.6.0.jar:/Users/1dson/.m2/repository/stax/stax-api/1.0.1/stax-api-1.0.1.jar:/Users/1dson/.m2/repository/com/github/virtuald/curvesapi/1.03/curvesapi-1.03.jar:/Users/1dson/.m2/repository/com/offbytwo/jenkins/jenkins-client/0.3.7/jenkins-client-0.3.7.jar:/Users/1dson/.m2/repository/dom4j/dom4j/1.6.1/dom4j-1.6.1.jar:/Users/1dson/.m2/repository/net/sf/json-lib/json-lib/2.4/json-lib-2.4-jdk15.jar:/Users/1dson/.m2/repository/commons-beanutils/commons-beanutils/1.8.0/commons-beanutils-1.8.0.jar:/Users/1dson/.m2/repository/net/sf/ezmorph/ezmorph/1.0.6/ezmorph-1.0.6.jar:/Users/1dson/.m2/repository/commons-lang/commons-lang/2.6/commons-lang-2.6.jar:/Users/1dson/.m2/repository/commons-io/commons-io/2.4/commons-io-2.4.jar:/Users/1dson/.m2/repository/jaxen/jaxen/1.1.6/jaxen-1.1.6.jar:/Users/1dson/.m2/repository/xml-apis/xml-apis/1.4.01/xml-apis-1.4.01.jar:/Users/1dson/.m2/repository/io/rest-assured/rest-assured/3.0.7/rest-assured-3.0.7.jar:/Users/1dson/.m2/repository/org/codehaus/groovy/groovy/2.4.12/groovy-2.4.12.jar:/Users/1dson/.m2/repository/org/codehaus/groovy/groovy-xml/2.4.12/groovy-xml-2.4.12.jar:/Users/1dson/.m2/repository/org/apache/httpcomponents/httpmime/4.5.1/httpmime-4.5.1.jar:/Users/1dson/.m2/repository/org/hamcrest/hamcrest-library/1.3/hamcrest-library-1.3.jar:/Users/1dson/.m2/repository/org/ccil/cowan/tagsoup/tagsoup/1.2.1/tagsoup-1.2.1.jar:/Users/1dson/.m2/repository/io/rest-assured/json-path/3.0.7/json-path-3.0.7.jar:/Users/1dson/.m2/repository/org/codehaus/groovy/groovy-json/2.4.12/groovy-json-2.4.12.jar:/Users/1dson/.m2/repository/io/rest-assured/rest-assured-common/3.0.7/rest-assured-common-3.0.7.jar:/Users/1dson/.m2/repository/io/rest-assured/xml-path/3.0.7/xml-path-3.0.7.jar:/Users/1dson/.m2/repository/javax/xml/bind/jaxb-api/2.2.12/jaxb-api-2.2.12.jar:/Users/1dson/.m2/repository/com/jcraft/jsch/0.1.54/jsch-0.1.54.jar:/Users/1dson/.m2/repository/org/slf4j/slf4j-log4j12/1.7.5/slf4j-log4j12-1.7.5.jar:/Users/1dson/.m2/repository/log4j/log4j/1.2.17/log4j-1.2.17.jar:/Users/1dson/.m2/repository/org/slf4j/slf4j-api/1.7.25/slf4j-api-1.7.25.jar:/Users/1dson/.m2/repository/org/apache/commons/commons-lang3/3.7/commons-lang3-3.7.jar:/Users/1dson/.m2/repository/org/dvsa/testing/lib/page-objects/0.6.8/page-objects-0.6.8.jar:/Users/1dson/.m2/repository/io/github/bonigarcia/webdrivermanager/1.7.2/webdrivermanager-1.7.2.jar:/Users/1dson/.m2/repository/com/typesafe/config/1.2.1/config-1.2.1.jar:/Users/1dson/.m2/repository/org/rauschig/jarchivelib/0.7.1/jarchivelib-0.7.1.jar:/Users/1dson/.m2/repository/org/apache/commons/commons-compress/1.9/commons-compress-1.9.jar:/Users/1dson/.m2/repository/org/jsoup/jsoup/1.10.2/jsoup-1.10.2.jar:/Users/1dson/.m2/repository/com/google/guava/guava/23.6-jre/guava-23.6-jre.jar:/Users/1dson/.m2/repository/com/google/code/findbugs/jsr305/1.3.9/jsr305-1.3.9.jar:/Users/1dson/.m2/repository/org/checkerframework/checker-compat-qual/2.0.0/checker-compat-qual-2.0.0.jar:/Users/1dson/.m2/repository/com/google/errorprone/error_prone_annotations/2.1.3/error_prone_annotations-2.1.3.jar:/Users/1dson/.m2/repository/com/google/j2objc/j2objc-annotations/1.1/j2objc-annotations-1.1.jar:/Users/1dson/.m2/repository/org/codehaus/mojo/animal-sniffer-annotations/1.14/animal-sniffer-annotations-1.14.jar:/Users/1dson/.m2/repository/org/dvsa/testing/lib/page-action/0.2/page-action-0.2.jar:/Users/1dson/.m2/repository/org/slf4j/slf4j-nop/1.7.25/slf4j-nop-1.7.25.jar:/Users/1dson/.m2/repository/org/assertj/assertj-core/3.9.1/assertj-core-3.9.1.jar:/Users/1dson/.m2/repository/org/hamcrest/hamcrest-all/1.3/hamcrest-all-1.3.jar:/Users/1dson/.m2/repository/org/dvsa/testing/lib/uri-constructor/1.4.7/uri-constructor-1.4.7.jar:/Users/1dson/.m2/repository/org/zeroturnaround/zt-zip/1.13/zt-zip-1.13.jar:/Users/1dson/.m2/repository/org/junit/jupiter/junit-jupiter-api/5.4.0-M1/junit-jupiter-api-5.4.0-M1.jar:/Users/1dson/.m2/repository/org/apiguardian/apiguardian-api/1.0.0/apiguardian-api-1.0.0.jar:/Users/1dson/.m2/repository/org/opentest4j/opentest4j/1.1.1/opentest4j-1.1.1.jar:/Users/1dson/.m2/repository/org/junit/platform/junit-platform-commons/1.4.0-M1/junit-platform-commons-1.4.0-M1.jar:/Users/1dson/.m2/repository/io/cucumber/cucumber-picocontainer/2.4.0/cucumber-picocontainer-2.4.0.jar:/Users/1dson/.m2/repository/io/cucumber/cucumber-jvm-deps/1.0.6/cucumber-jvm-deps-1.0.6.jar:/Users/1dson/.m2/repository/io/cucumber/gherkin/5.0.0/gherkin-5.0.0.jar:/Users/1dson/.m2/repository/org/picocontainer/picocontainer/2.15/picocontainer-2.15.jar:/Users/1dson/.m2/repository/io/qameta/allure/allure-cucumber2-jvm/2.7.0/allure-cucumber2-jvm-2.7.0.jar:/Users/1dson/.m2/repository/io/qameta/allure/allure-java-commons/2.7.0/allure-java-commons-2.7.0.jar:/Users/1dson/.m2/repository/io/qameta/allure/allure2-model-api/1.0.0/allure2-model-api-1.0.0.jar:/Users/1dson/.m2/repository/io/qameta/allure/allure2-model-pojo/1.0.0/allure2-model-pojo-1.0.0.jar:/Users/1dson/.m2/repository/org/apache/tika/tika-core/1.14/tika-core-1.14.jar:/Users/1dson/.m2/repository/io/qameta/allure/allure2-model-jackson/1.0.0/allure2-model-jackson-1.0.0.jar:/Users/1dson/.m2/repository/com/fasterxml/jackson/module/jackson-module-jaxb-annotations/2.7.0/jackson-module-jaxb-annotations-2.7.0.jar:/Users/1dson/.m2/repository/org/aspectj/aspectjrt/1.9.1/aspectjrt-1.9.1.jar:/Users/1dson/.m2/repository/org/jooq/joor-java-8/0.9.9/joor-java-8-0.9.9.jar:/Users/1dson/.m2/repository/io/qameta/allure/allure-attachments/2.7.0/allure-attachments-2.7.0.jar:/Users/1dson/.m2/repository/org/freemarker/freemarker/2.3.28/freemarker-2.3.28.jar:/Users/1dson/.m2/repository/org/apache/commons/commons-csv/1.6/commons-csv-1.6.jar:/Users/1dson/.m2/repository/joda-time/joda-time/2.2/joda-time-2.2.jar:"/>
    <property name="java.vm.vendor" value="Oracle Corporation"/>
    <property name="sun.arch.data.model" value="64"/>
    <property name="java.vendor.url" value="http://java.oracle.com/"/>
    <property name="user.timezone" value=""/>
    <property name="java.vm.specification.version" value="1.8"/>
    <property name="os.name" value="Mac OS X"/>
    <property name="user.country" value="GB"/>
    <property name="sun.java.launcher" value="SUN_STANDARD"/>
    <property name="sun.boot.library.path" value="/Library/Java/JavaVirtualMachines/jdk1.8.0_191.jdk/Contents/Home/jre/lib"/>
    <property name="sun.java.command" value="/Users/1dson/Documents/workspace/vol-functional-tests/target/surefire/surefirebooter8463041318573470137.jar /Users/1dson/Documents/workspace/vol-functional-tests/target/surefire 2019-01-23T18-12-33_410-jvmRun4 surefire9126209527987713452tmp surefire_44307368220687475754tmp"/>
    <property name="http.nonProxyHosts" value="local|*.local|169.254/16|*.169.254/16"/>
    <property name="surefire.test.class.path" value="/Users/1dson/Documents/workspace/vol-functional-tests/target/test-classes:/Users/1dson/Documents/workspace/vol-functional-tests/target/vol-functional-tests-0.1.jar:/Users/1dson/.m2/repository/io/cucumber/cucumber-java8/2.4.0/cucumber-java8-2.4.0.jar:/Users/1dson/.m2/repository/io/cucumber/cucumber-java/2.4.0/cucumber-java-2.4.0.jar:/Users/1dson/.m2/repository/net/jodah/typetools/0.5.0/typetools-0.5.0.jar:/Users/1dson/.m2/repository/io/cucumber/cucumber-junit/2.4.0/cucumber-junit-2.4.0.jar:/Users/1dson/.m2/repository/io/cucumber/cucumber-core/2.4.0/cucumber-core-2.4.0.jar:/Users/1dson/.m2/repository/info/cukes/cucumber-html/0.2.6/cucumber-html-0.2.6.jar:/Users/1dson/.m2/repository/io/cucumber/tag-expressions/1.1.1/tag-expressions-1.1.1.jar:/Users/1dson/.m2/repository/junit/junit/4.12/junit-4.12.jar:/Users/1dson/.m2/repository/org/hamcrest/hamcrest-core/1.3/hamcrest-core-1.3.jar:/Users/1dson/.m2/repository/org/dvsa/testing/lib/active-support/1.3.5.1/active-support-1.3.5.1.jar:/Users/1dson/.m2/repository/org/apache/httpcomponents/httpclient/4.5.5/httpclient-4.5.5.jar:/Users/1dson/.m2/repository/org/apache/httpcomponents/httpcore/4.4.9/httpcore-4.4.9.jar:/Users/1dson/.m2/repository/commons-logging/commons-logging/1.2/commons-logging-1.2.jar:/Users/1dson/.m2/repository/commons-codec/commons-codec/1.10/commons-codec-1.10.jar:/Users/1dson/.m2/repository/com/fasterxml/jackson/core/jackson-core/2.9.3/jackson-core-2.9.3.jar:/Users/1dson/.m2/repository/com/fasterxml/jackson/core/jackson-databind/2.9.5/jackson-databind-2.9.5.jar:/Users/1dson/.m2/repository/com/fasterxml/jackson/core/jackson-annotations/2.9.5/jackson-annotations-2.9.5.jar:/Users/1dson/.m2/repository/org/jetbrains/annotations/13.0/annotations-13.0.jar:/Users/1dson/.m2/repository/org/fusesource/jansi/jansi/1.16/jansi-1.16.jar:/Users/1dson/.m2/repository/com/amazonaws/aws-java-sdk-s3/1.11.271/aws-java-sdk-s3-1.11.271.jar:/Users/1dson/.m2/repository/com/amazonaws/aws-java-sdk-kms/1.11.271/aws-java-sdk-kms-1.11.271.jar:/Users/1dson/.m2/repository/com/amazonaws/aws-java-sdk-core/1.11.271/aws-java-sdk-core-1.11.271.jar:/Users/1dson/.m2/repository/software/amazon/ion/ion-java/1.0.2/ion-java-1.0.2.jar:/Users/1dson/.m2/repository/com/fasterxml/jackson/dataformat/jackson-dataformat-cbor/2.6.7/jackson-dataformat-cbor-2.6.7.jar:/Users/1dson/.m2/repository/com/amazonaws/jmespath-java/1.11.271/jmespath-java-1.11.271.jar:/Users/1dson/.m2/repository/org/seleniumhq/selenium/selenium-java/3.7.1/selenium-java-3.7.1.jar:/Users/1dson/.m2/repository/org/seleniumhq/selenium/selenium-api/3.7.1/selenium-api-3.7.1.jar:/Users/1dson/.m2/repository/org/seleniumhq/selenium/selenium-chrome-driver/3.7.1/selenium-chrome-driver-3.7.1.jar:/Users/1dson/.m2/repository/org/seleniumhq/selenium/selenium-edge-driver/3.7.1/selenium-edge-driver-3.7.1.jar:/Users/1dson/.m2/repository/org/seleniumhq/selenium/selenium-firefox-driver/3.7.1/selenium-firefox-driver-3.7.1.jar:/Users/1dson/.m2/repository/org/seleniumhq/selenium/selenium-ie-driver/3.7.1/selenium-ie-driver-3.7.1.jar:/Users/1dson/.m2/repository/org/seleniumhq/selenium/selenium-opera-driver/3.7.1/selenium-opera-driver-3.7.1.jar:/Users/1dson/.m2/repository/org/seleniumhq/selenium/selenium-remote-driver/3.7.1/selenium-remote-driver-3.7.1.jar:/Users/1dson/.m2/repository/org/seleniumhq/selenium/selenium-safari-driver/3.7.1/selenium-safari-driver-3.7.1.jar:/Users/1dson/.m2/repository/org/seleniumhq/selenium/selenium-support/3.7.1/selenium-support-3.7.1.jar:/Users/1dson/.m2/repository/net/bytebuddy/byte-buddy/1.7.5/byte-buddy-1.7.5.jar:/Users/1dson/.m2/repository/org/apache/commons/commons-exec/1.3/commons-exec-1.3.jar:/Users/1dson/.m2/repository/com/google/code/gson/gson/2.8.2/gson-2.8.2.jar:/Users/1dson/.m2/repository/mysql/mysql-connector-java/8.0.8-dmr/mysql-connector-java-8.0.8-dmr.jar:/Users/1dson/.m2/repository/org/dbunit/dbunit/2.5.4/dbunit-2.5.4.jar:/Users/1dson/.m2/repository/commons-collections/commons-collections/3.2.2/commons-collections-3.2.2.jar:/Users/1dson/.m2/repository/org/apache/poi/poi-ooxml/3.14/poi-ooxml-3.14.jar:/Users/1dson/.m2/repository/org/apache/poi/poi/3.14/poi-3.14.jar:/Users/1dson/.m2/repository/org/apache/poi/poi-ooxml-schemas/3.14/poi-ooxml-schemas-3.14.jar:/Users/1dson/.m2/repository/org/apache/xmlbeans/xmlbeans/2.6.0/xmlbeans-2.6.0.jar:/Users/1dson/.m2/repository/stax/stax-api/1.0.1/stax-api-1.0.1.jar:/Users/1dson/.m2/repository/com/github/virtuald/curvesapi/1.03/curvesapi-1.03.jar:/Users/1dson/.m2/repository/com/offbytwo/jenkins/jenkins-client/0.3.7/jenkins-client-0.3.7.jar:/Users/1dson/.m2/repository/dom4j/dom4j/1.6.1/dom4j-1.6.1.jar:/Users/1dson/.m2/repository/net/sf/json-lib/json-lib/2.4/json-lib-2.4-jdk15.jar:/Users/1dson/.m2/repository/commons-beanutils/commons-beanutils/1.8.0/commons-beanutils-1.8.0.jar:/Users/1dson/.m2/repository/net/sf/ezmorph/ezmorph/1.0.6/ezmorph-1.0.6.jar:/Users/1dson/.m2/repository/commons-lang/commons-lang/2.6/commons-lang-2.6.jar:/Users/1dson/.m2/repository/commons-io/commons-io/2.4/commons-io-2.4.jar:/Users/1dson/.m2/repository/jaxen/jaxen/1.1.6/jaxen-1.1.6.jar:/Users/1dson/.m2/repository/xml-apis/xml-apis/1.4.01/xml-apis-1.4.01.jar:/Users/1dson/.m2/repository/io/rest-assured/rest-assured/3.0.7/rest-assured-3.0.7.jar:/Users/1dson/.m2/repository/org/codehaus/groovy/groovy/2.4.12/groovy-2.4.12.jar:/Users/1dson/.m2/repository/org/codehaus/groovy/groovy-xml/2.4.12/groovy-xml-2.4.12.jar:/Users/1dson/.m2/repository/org/apache/httpcomponents/httpmime/4.5.1/httpmime-4.5.1.jar:/Users/1dson/.m2/repository/org/hamcrest/hamcrest-library/1.3/hamcrest-library-1.3.jar:/Users/1dson/.m2/repository/org/ccil/cowan/tagsoup/tagsoup/1.2.1/tagsoup-1.2.1.jar:/Users/1dson/.m2/repository/io/rest-assured/json-path/3.0.7/json-path-3.0.7.jar:/Users/1dson/.m2/repository/org/codehaus/groovy/groovy-json/2.4.12/groovy-json-2.4.12.jar:/Users/1dson/.m2/repository/io/rest-assured/rest-assured-common/3.0.7/rest-assured-common-3.0.7.jar:/Users/1dson/.m2/repository/io/rest-assured/xml-path/3.0.7/xml-path-3.0.7.jar:/Users/1dson/.m2/repository/javax/xml/bind/jaxb-api/2.2.12/jaxb-api-2.2.12.jar:/Users/1dson/.m2/repository/com/jcraft/jsch/0.1.54/jsch-0.1.54.jar:/Users/1dson/.m2/repository/org/slf4j/slf4j-log4j12/1.7.5/slf4j-log4j12-1.7.5.jar:/Users/1dson/.m2/repository/log4j/log4j/1.2.17/log4j-1.2.17.jar:/Users/1dson/.m2/repository/org/slf4j/slf4j-api/1.7.25/slf4j-api-1.7.25.jar:/Users/1dson/.m2/repository/org/apache/commons/commons-lang3/3.7/commons-lang3-3.7.jar:/Users/1dson/.m2/repository/org/dvsa/testing/lib/page-objects/0.6.8/page-objects-0.6.8.jar:/Users/1dson/.m2/repository/io/github/bonigarcia/webdrivermanager/1.7.2/webdrivermanager-1.7.2.jar:/Users/1dson/.m2/repository/com/typesafe/config/1.2.1/config-1.2.1.jar:/Users/1dson/.m2/repository/org/rauschig/jarchivelib/0.7.1/jarchivelib-0.7.1.jar:/Users/1dson/.m2/repository/org/apache/commons/commons-compress/1.9/commons-compress-1.9.jar:/Users/1dson/.m2/repository/org/jsoup/jsoup/1.10.2/jsoup-1.10.2.jar:/Users/1dson/.m2/repository/com/google/guava/guava/23.6-jre/guava-23.6-jre.jar:/Users/1dson/.m2/repository/com/google/code/findbugs/jsr305/1.3.9/jsr305-1.3.9.jar:/Users/1dson/.m2/repository/org/checkerframework/checker-compat-qual/2.0.0/checker-compat-qual-2.0.0.jar:/Users/1dson/.m2/repository/com/google/errorprone/error_prone_annotations/2.1.3/error_prone_annotations-2.1.3.jar:/Users/1dson/.m2/repository/com/google/j2objc/j2objc-annotations/1.1/j2objc-annotations-1.1.jar:/Users/1dson/.m2/repository/org/codehaus/mojo/animal-sniffer-annotations/1.14/animal-sniffer-annotations-1.14.jar:/Users/1dson/.m2/repository/org/dvsa/testing/lib/page-action/0.2/page-action-0.2.jar:/Users/1dson/.m2/repository/org/slf4j/slf4j-nop/1.7.25/slf4j-nop-1.7.25.jar:/Users/1dson/.m2/repository/org/assertj/assertj-core/3.9.1/assertj-core-3.9.1.jar:/Users/1dson/.m2/repository/org/hamcrest/hamcrest-all/1.3/hamcrest-all-1.3.jar:/Users/1dson/.m2/repository/org/dvsa/testing/lib/uri-constructor/1.4.7/uri-constructor-1.4.7.jar:/Users/1dson/.m2/repository/org/zeroturnaround/zt-zip/1.13/zt-zip-1.13.jar:/Users/1dson/.m2/repository/org/junit/jupiter/junit-jupiter-api/5.4.0-M1/junit-jupiter-api-5.4.0-M1.jar:/Users/1dson/.m2/repository/org/apiguardian/apiguardian-api/1.0.0/apiguardian-api-1.0.0.jar:/Users/1dson/.m2/repository/org/opentest4j/opentest4j/1.1.1/opentest4j-1.1.1.jar:/Users/1dson/.m2/repository/org/junit/platform/junit-platform-commons/1.4.0-M1/junit-platform-commons-1.4.0-M1.jar:/Users/1dson/.m2/repository/io/cucumber/cucumber-picocontainer/2.4.0/cucumber-picocontainer-2.4.0.jar:/Users/1dson/.m2/repository/io/cucumber/cucumber-jvm-deps/1.0.6/cucumber-jvm-deps-1.0.6.jar:/Users/1dson/.m2/repository/io/cucumber/gherkin/5.0.0/gherkin-5.0.0.jar:/Users/1dson/.m2/repository/org/picocontainer/picocontainer/2.15/picocontainer-2.15.jar:/Users/1dson/.m2/repository/io/qameta/allure/allure-cucumber2-jvm/2.7.0/allure-cucumber2-jvm-2.7.0.jar:/Users/1dson/.m2/repository/io/qameta/allure/allure-java-commons/2.7.0/allure-java-commons-2.7.0.jar:/Users/1dson/.m2/repository/io/qameta/allure/allure2-model-api/1.0.0/allure2-model-api-1.0.0.jar:/Users/1dson/.m2/repository/io/qameta/allure/allure2-model-pojo/1.0.0/allure2-model-pojo-1.0.0.jar:/Users/1dson/.m2/repository/org/apache/tika/tika-core/1.14/tika-core-1.14.jar:/Users/1dson/.m2/repository/io/qameta/allure/allure2-model-jackson/1.0.0/allure2-model-jackson-1.0.0.jar:/Users/1dson/.m2/repository/com/fasterxml/jackson/module/jackson-module-jaxb-annotations/2.7.0/jackson-module-jaxb-annotations-2.7.0.jar:/Users/1dson/.m2/repository/org/aspectj/aspectjrt/1.9.1/aspectjrt-1.9.1.jar:/Users/1dson/.m2/repository/org/jooq/joor-java-8/0.9.9/joor-java-8-0.9.9.jar:/Users/1dson/.m2/repository/io/qameta/allure/allure-attachments/2.7.0/allure-attachments-2.7.0.jar:/Users/1dson/.m2/repository/org/freemarker/freemarker/2.3.28/freemarker-2.3.28.jar:/Users/1dson/.m2/repository/org/apache/commons/commons-csv/1.6/commons-csv-1.6.jar:/Users/1dson/.m2/repository/joda-time/joda-time/2.2/joda-time-2.2.jar:"/>
    <property name="sun.cpu.endian" value="little"/>
    <property name="user.home" value="/Users/1dson"/>
    <property name="user.language" value="en"/>
    <property name="java.specification.vendor" value="Oracle Corporation"/>
    <property name="java.home" value="/Library/Java/JavaVirtualMachines/jdk1.8.0_191.jdk/Contents/Home/jre"/>
    <property name="basedir" value="/Users/1dson/Documents/workspace/vol-functional-tests"/>
    <property name="file.separator" value="/"/>
    <property name="line.separator" value="&#10;"/>
    <property name="java.vm.specification.vendor" value="Oracle Corporation"/>
    <property name="java.specification.name" value="Java Platform API Specification"/>
    <property name="java.awt.graphicsenv" value="sun.awt.CGraphicsEnvironment"/>
    <property name="surefire.real.class.path" value="/Users/1dson/Documents/workspace/vol-functional-tests/target/surefire/surefirebooter8463041318573470137.jar"/>
    <property name="sun.boot.class.path" value="/Library/Java/JavaVirtualMachines/jdk1.8.0_191.jdk/Contents/Home/jre/lib/resources.jar:/Library/Java/JavaVirtualMachines/jdk1.8.0_191.jdk/Contents/Home/jre/lib/rt.jar:/Library/Java/JavaVirtualMachines/jdk1.8.0_191.jdk/Contents/Home/jre/lib/sunrsasign.jar:/Library/Java/JavaVirtualMachines/jdk1.8.0_191.jdk/Contents/Home/jre/lib/jsse.jar:/Library/Java/JavaVirtualMachines/jdk1.8.0_191.jdk/Contents/Home/jre/lib/jce.jar:/Library/Java/JavaVirtualMachines/jdk1.8.0_191.jdk/Contents/Home/jre/lib/charsets.jar:/Library/Java/JavaVirtualMachines/jdk1.8.0_191.jdk/Contents/Home/jre/lib/jfr.jar:/Library/Java/JavaVirtualMachines/jdk1.8.0_191.jdk/Contents/Home/jre/classes"/>
    <property name="sun.management.compiler" value="HotSpot 64-Bit Tiered Compilers"/>
    <property name="ftp.nonProxyHosts" value="local|*.local|169.254/16|*.169.254/16"/>
    <property name="java.runtime.version" value="1.8.0_191-b12"/>
    <property name="user.name" value="1dson"/>
    <property name="path.separator" value=":"/>
    <property name="os.version" value="10.14.2"/>
    <property name="java.endorsed.dirs" value="/Library/Java/JavaVirtualMachines/jdk1.8.0_191.jdk/Contents/Home/jre/lib/endorsed"/>
    <property name="java.runtime.name" value="Java(TM) SE Runtime Environment"/>
    <property name="file.encoding" value="UTF-8"/>
    <property name="browser" value="chrome"/>
    <property name="java.vm.name" value="Java HotSpot(TM) 64-Bit Server VM"/>
    <property name="localRepository" value="/Users/1dson/.m2/repository"/>
    <property name="cucumber.options" value="--tags @APPLY-GOODS-LICENCE"/>
    <property name="java.vendor.url.bug" value="http://bugreport.sun.com/bugreport/"/>
    <property name="java.io.tmpdir" value="/var/folders/wn/5h0_kxh91v3d8qqwf2y86v140000gn/T/"/>
    <property name="java.version" value="1.8.0_191"/>
    <property name="user.dir" value="/Users/1dson/Documents/workspace/vol-functional-tests"/>
    <property name="os.arch" value="x86_64"/>
    <property name="java.vm.specification.name" value="Java Virtual Machine Specification"/>
    <property name="java.awt.printerjob" value="sun.lwawt.macosx.CPrinterJob"/>
    <property name="env" value="qa"/>
    <property name="sun.os.patch.level" value="unknown"/>
    <property name="java.library.path" value="/Users/1dson/Library/Java/Extensions:/Library/Java/Extensions:/Network/Library/Java/Extensions:/System/Library/Java/Extensions:/usr/lib/java:."/>
    <property name="java.vm.info" value="mixed mode"/>
    <property name="java.vendor" value="Oracle Corporation"/>
    <property name="java.vm.version" value="25.191-b12"/>
    <property name="java.ext.dirs" value="/Users/1dson/Library/Java/Extensions:/Library/Java/JavaVirtualMachines/jdk1.8.0_191.jdk/Contents/Home/jre/lib/ext:/Library/Java/Extensions:/Network/Library/Java/Extensions:/System/Library/Java/Extensions:/usr/lib/java"/>
    <property name="sun.io.unicode.encoding" value="UnicodeBig"/>
    <property name="java.class.version" value="52.0"/>
    <property name="socksNonProxyHosts" value="local|*.local|169.254/16|*.169.254/16"/>
  </properties>
</testsuite>